<?xml version="1.0" encoding="UTF-8"?>
<!-- Generated by org.testng.reporters.JUnitReportReporter -->
<testsuite hostname="harshi" failures="0" tests="9" name="tatacliq.testcases" time="32.490" errors="0" timestamp="29 Nov 2022 16:08:24 GMT">
  <testcase classname="tatacliq.testcases" name="Testcase7" time="4.848"/>
  <testcase classname="tatacliq.testcases" name="Testcase9" time="5.911"/>
  <testcase classname="tatacliq.testcases" name="Testcase3" time="5.164"/>
  <testcase classname="tatacliq.testcases" name="Testcase8" time="1.358"/>
  <testcase classname="tatacliq.testcases" name="Testcase2" time="2.003"/>
  <testcase classname="tatacliq.testcases" name="Testcase5" time="3.705"/>
  <testcase classname="tatacliq.testcases" name="Testcase4" time="2.807"/>
  <testcase classname="tatacliq.testcases" name="Testcase1" time="5.091"/>
  <testcase classname="tatacliq.testcases" name="Testcase6" time="1.603"/>
</testsuite> <!-- tatacliq.testcases -->
